item team_redobelisk has modelindex 0item team_blueobelisk has modelindex 0item team_neutralobelisk has modelindex 0item item_botroam has modelindex 0entity worldspawn unknown item
entity light unknown item
entity func_static unknown item
entity info_player_deathmatch unknown item
entity func_static unknown item
entity trigger_push unknown item
entity info_player_deathmatch unknown item
entity info_player_deathmatch unknown item
entity info_player_deathmatch unknown item
entity info_null unknown item
entity light unknown item
entity info_null unknown item
entity light unknown item
entity func_door unknown item
entity func_door unknown item
entity func_rotating unknown item
entity target_position unknown item
entity info_player_intermission unknown item
entity func_static unknown item
entity info_player_deathmatch unknown item
entity target_location unknown item
entity target_location unknown item
entity target_location unknown item
entity target_location unknown item
entity target_delay unknown item
entity target_relay unknown item
entity shooter_grenade unknown item
entity misc_model unknown item
entity light unknown item
entity light unknown item
entity misc_model unknown item
entity target_print unknown item
entity trigger_multiple unknown item
entity trigger_multiple unknown item
entity light unknown item
entity func_door unknown item
entity func_door unknown item
entity info_null unknown item
entity light unknown item
entity trigger_hurt unknown item
entity misc_model unknown item
entity info_null unknown item
entity info_null unknown item
entity light unknown item
entity misc_model unknown item
entity info_null unknown item
entity light unknown item
entity info_null unknown item
entity light unknown item
entity info_null unknown item
entity light unknown item
entity info_null unknown item
entity misc_model unknown item
entity misc_model unknown item
entity misc_model unknown item
entity misc_model unknown item
entity light unknown item
entity misc_model unknown item
entity target_position unknown item
entity light unknown item
entity light unknown item
entity trigger_multiple unknown item
entity func_static unknown item
entity func_static unknown item
item item_health_mega reachable from jumppad area 4473
entity target_position unknown item
entity light unknown item
entity misc_model unknown item
entity light unknown item
entity target_position unknown item
entity misc_model unknown item
entity trigger_multiple unknown item
entity target_relay unknown item
entity misc_model unknown item
entity trigger_teleport unknown item
entity light unknown item
entity func_button unknown item
entity info_player_deathmatch unknown item
entity info_player_deathmatch unknown item
entity target_position unknown item
entity target_relay unknown item
entity trigger_multiple unknown item
entity info_player_deathmatch unknown item
entity info_player_deathmatch unknown item
entity info_player_deathmatch unknown item
entity info_player_deathmatch unknown item
entity info_player_deathmatch unknown item
entity info_player_deathmatch unknown item
entity info_player_deathmatch unknown item
entity func_door unknown item
entity target_relay unknown item
entity target_speaker unknown item
entity misc_portal_surface unknown item
entity light unknown item
entity misc_portal_camera unknown item
entity target_speaker unknown item
entity target_delay unknown item
entity info_notnull unknown item
entity target_delay unknown item
entity shooter_grenade unknown item
entity target_position unknown item
entity light unknown item
entity target_speaker unknown item
entity target_relay unknown item
entity target_delay unknown item
entity target_delay unknown item
entity target_delay unknown item
entity target_delay unknown item
entity target_delay unknown item
entity target_delay unknown item
entity target_speaker unknown item
entity target_speaker unknown item
entity target_speaker unknown item
entity target_speaker unknown item
entity target_speaker unknown item
entity light unknown item
entity info_player_deathmatch unknown item
entity light unknown item
entity light unknown item
entity light unknown item
entity light unknown item
entity light unknown item
entity target_position unknown item
entity light unknown item
entity light unknown item
entity light unknown item
entity light unknown item
entity light unknown item
entity light unknown item
entity light unknown item
entity light unknown item
entity light unknown item
entity light unknown item
entity light unknown item
entity light unknown item
entity light unknown item
entity light unknown item
entity light unknown item
entity light unknown item
entity light unknown item
entity light unknown item
entity target_speaker unknown item
entity light unknown item
entity light unknown item
entity light unknown item
entity target_speaker unknown item
entity light unknown item
entity light unknown item
entity misc_model unknown item
entity light unknown item
entity light unknown item
entity light unknown item
entity misc_model unknown item
entity target_position unknown item
entity light unknown item
entity light unknown item
entity target_remove_powerups unknown item
entity trigger_multiple unknown item
entity trigger_hurt unknown item
entity trigger_multiple unknown item
entity target_speaker unknown item
entity target_position unknown item
entity trigger_push unknown item
entity light unknown item
entity light unknown item
entity shooter_grenade unknown item
entity target_delay unknown item
entity target_delay unknown item
entity target_delay unknown item
entity target_delay unknown item
entity target_position unknown item
entity shooter_grenade unknown item
entity target_position unknown item
entity shooter_grenade unknown item
entity target_position unknown item
entity shooter_grenade unknown item
entity light unknown item
entity misc_model unknown item
entity misc_model unknown item
entity misc_model unknown item
entity light unknown item
entity light unknown item
entity light unknown item
entity light unknown item
entity light unknown item
entity light unknown item
entity light unknown item
entity light unknown item
entity info_null unknown item
entity light unknown item
entity light unknown item
entity info_null unknown item
entity light unknown item
entity info_null unknown item
entity light unknown item
entity info_null unknown item
entity light unknown item
entity info_null unknown item
entity light unknown item
entity info_null unknown item
entity light unknown item
entity info_null unknown item
entity light unknown item
entity info_null unknown item
entity light unknown item
entity info_null unknown item
entity light unknown item
entity info_null unknown item
entity light unknown item
entity info_null unknown item
entity light unknown item
entity info_null unknown item
entity light unknown item
entity info_null unknown item
entity light unknown item
entity light unknown item
entity misc_model unknown item
entity light unknown item
entity misc_model unknown item
entity light unknown item
entity misc_model unknown item
entity light unknown item
entity misc_model unknown item
entity light unknown item
entity misc_model unknown item
entity light unknown item
entity misc_model unknown item
entity light unknown item
entity misc_model unknown item
entity light unknown item
entity misc_model unknown item
entity light unknown item
entity misc_model unknown item
entity light unknown item
entity misc_model unknown item
entity light unknown item
entity misc_model unknown item
entity light unknown item
entity light unknown item
entity info_null unknown item
entity light unknown item
entity info_null unknown item
entity light unknown item
entity info_null unknown item
entity light unknown item
entity info_null unknown item
entity light unknown item
entity info_null unknown item
entity light unknown item
entity info_null unknown item
entity light unknown item
entity info_null unknown item
entity light unknown item
entity info_null unknown item
entity light unknown item
entity light unknown item
entity misc_model unknown item
entity info_null unknown item
entity light unknown item
entity light unknown item
entity misc_model unknown item
entity light unknown item
entity target_speaker unknown item
entity target_speaker unknown item
entity misc_model unknown item
entity light unknown item
entity misc_model unknown item
entity light unknown item
entity misc_model unknown item
entity light unknown item
entity target_speaker unknown item
entity misc_model unknown item
entity light unknown item
entity misc_model unknown item
entity light unknown item
entity target_speaker unknown item
entity misc_model unknown item
entity light unknown item
entity misc_model unknown item
entity light unknown item
entity target_speaker unknown item
entity misc_model unknown item
entity light unknown item
entity light unknown item
entity misc_model unknown item
entity info_null unknown item
entity light unknown item
entity light unknown item
entity misc_model unknown item
entity info_null unknown item
entity light unknown item
entity misc_model unknown item
entity light unknown item
entity info_null unknown item
entity light unknown item
entity light unknown item
entity misc_model unknown item
entity info_null unknown item
entity light unknown item
entity light unknown item
entity misc_model unknown item
entity info_null unknown item
entity light unknown item
entity light unknown item
entity misc_model unknown item
entity info_null unknown item
entity light unknown item
entity light unknown item
entity misc_model unknown item
entity info_null unknown item
entity light unknown item
entity light unknown item
entity misc_model unknown item
entity info_null unknown item
entity light unknown item
entity light unknown item
entity misc_model unknown item
entity info_null unknown item
entity light unknown item
entity light unknown item
entity misc_model unknown item
entity info_null unknown item
entity light unknown item
entity info_null unknown item
entity light unknown item
entity info_null unknown item
entity light unknown item
entity info_null unknown item
entity light unknown item
entity trigger_hurt unknown item
entity info_null unknown item
entity light unknown item
entity light unknown item
entity info_null unknown item
entity light unknown item
entity light unknown item
entity info_null unknown item
entity light unknown item
entity light unknown item
entity info_null unknown item
entity light unknown item
entity light unknown item
entity info_null unknown item
entity light unknown item
entity light unknown item
entity info_null unknown item
entity light unknown item
entity light unknown item
entity target_position unknown item
entity light unknown item
entity light unknown item
entity light unknown item
entity light unknown item
entity target_position unknown item
entity light unknown item
entity light unknown item
entity target_speaker unknown item
entity target_position unknown item
entity light unknown item
entity light unknown item
entity target_speaker unknown item
entity target_position unknown item
entity light unknown item
entity light unknown item
entity target_speaker unknown item
entity target_speaker unknown item
entity target_position unknown item
entity light unknown item
entity light unknown item
entity target_speaker unknown item
entity target_position unknown item
entity light unknown item
entity light unknown item
entity misc_model unknown item
entity misc_model unknown item
entity misc_model unknown item
entity misc_model unknown item
entity light unknown item
entity light unknown item
entity light unknown item
entity light unknown item
entity light unknown item
entity misc_model unknown item
entity light unknown item
entity light unknown item
entity misc_model unknown item
entity light unknown item
entity light unknown item
entity info_null unknown item
entity light unknown item
entity info_null unknown item
entity light unknown item
entity misc_model unknown item
entity misc_model unknown item
entity misc_model unknown item
entity target_delay unknown item
entity target_delay unknown item
entity target_delay unknown item
entity shooter_grenade unknown item
entity shooter_grenade unknown item
entity shooter_grenade unknown item
entity trigger_hurt unknown item
entity misc_model unknown item
entity misc_model unknown item
entity misc_model unknown item
entity target_location unknown item
entity target_location unknown item
entity target_location unknown item
entity target_location unknown item
entity target_location unknown item
entity target_location unknown item
entity target_location unknown item
entity target_location unknown item
entity target_location unknown item
entity target_location unknown item
entity target_location unknown item
entity target_location unknown item
entity target_location unknown item
entity target_location unknown item
entity target_location unknown item
entity target_location unknown item
entity target_location unknown item
entity target_location unknown item
entity target_location unknown item
entity target_location unknown item
entity target_location unknown item
entity target_location unknown item
entity target_location unknown item
entity target_location unknown item
entity target_location unknown item
entity target_location unknown item
entity target_location unknown item
entity target_location unknown item
entity target_location unknown item
entity target_location unknown item
entity target_location unknown item
entity target_location unknown item
entity target_location unknown item
entity target_location unknown item
entity target_location unknown item
entity target_location unknown item
entity target_location unknown item
entity target_location unknown item
entity target_location unknown item
entity target_location unknown item
entity target_location unknown item
entity target_location unknown item
entity target_location unknown item
entity target_location unknown item
entity target_location unknown item
entity target_location unknown item
entity target_location unknown item
entity target_location unknown item
entity target_location unknown item
entity target_location unknown item
entity target_location unknown item
entity target_location unknown item
entity target_location unknown item
entity target_location unknown item
entity target_location unknown item
entity target_location unknown item
entity target_location unknown item
entity target_location unknown item
entity target_location unknown item
entity target_location unknown item
entity target_location unknown item
entity target_location unknown item
entity target_location unknown item
entity info_null unknown item
entity light unknown item
entity func_rotating unknown item
entity info_player_deathmatch unknown item
entity info_player_deathmatch unknown item
entity misc_model unknown item
entity trigger_teleport unknown item
entity trigger_teleport unknown item
entity trigger_teleport unknown item
entity target_location unknown item
entity info_null unknown item
entity light unknown item
entity info_camp unknown item
entity info_camp unknown item
entity info_camp unknown item
entity info_camp unknown item
entity info_camp unknown item
entity info_camp unknown item
entity func_door unknown item
entity func_door unknown item
item info 7 "weapon_gauntlet" has no fuzzy weight
item info 16 "weapon_grapplinghook" has no fuzzy weight
item info 49 "team_redobelisk" has no fuzzy weight
item info 50 "team_blueobelisk" has no fuzzy weight
item info 51 "team_neutralobelisk" has no fuzzy weight
item info 7 "weapon_gauntlet" has no fuzzy weight
item info 16 "weapon_grapplinghook" has no fuzzy weight
item info 49 "team_redobelisk" has no fuzzy weight
item info 50 "team_blueobelisk" has no fuzzy weight
item info 51 "team_neutralobelisk" has no fuzzy weight
item info 7 "weapon_gauntlet" has no fuzzy weight
item info 16 "weapon_grapplinghook" has no fuzzy weight
item info 49 "team_redobelisk" has no fuzzy weight
item info 50 "team_blueobelisk" has no fuzzy weight
item info 51 "team_neutralobelisk" has no fuzzy weight
item info 7 "weapon_gauntlet" has no fuzzy weight
item info 16 "weapon_grapplinghook" has no fuzzy weight
item info 49 "team_redobelisk" has no fuzzy weight
item info 50 "team_blueobelisk" has no fuzzy weight
item info 51 "team_neutralobelisk" has no fuzzy weight
linked item ammo_shells to an entitylinked item holdable_medkit to an entitylinked item weapon_shotgun to an entitylinked item ammo_lightning to an entitylinked item item_health_mega to an entitylinked item item_health to an entitylinked item item_health to an entitylinked item ammo_grenades to an entitylinked item item_health_large to an entitylinked item item_armor_body to an entitylinked item weapon_rocketlauncher to an entitylinked item item_haste to an entitylinked item weapon_shotgun to an entitylinked item item_health to an entitylinked item weapon_shotgun to an entitylinked item item_health to an entitylinked item weapon_grenadelauncher to an entitylinked item ammo_rockets to an entitylinked item ammo_cells to an entitylinked item item_health to an entitylinked item item_health_large to an entitylinked item ammo_grenades to an entitylinked item ammo_lightning to an entitylinked item item_health to an entitylinked item ammo_shells to an entitylinked item ammo_lightning to an entitylinked item ammo_bullets to an entitylinked item weapon_lightning to an entitylinked item item_health to an entitylinked item weapon_plasmagun to an entitylinked item weapon_shotgun to an entitylinked item item_armor_shard to an entitylinked item item_armor_combat to an entitylinked item item_health_large to an entitylinked item item_health to an entitylinked item item_health to an entitylinked item item_health to an entitylinked item item_armor_shard to an entitylinked item item_armor_shard to an entitylinked item item_armor_shard to an entitylinked item item_armor_shard to an entitylinked item item_armor_shard to an entitylinked item item_armor_shard to an entitylinked item ammo_bullets to an entitylinked item ammo_bullets to an entitylinked item item_health to an entitylinked item ammo_bullets to an entitylinked item ammo_cells to an entitylinked item ammo_shells to an entitylinked item weapon_shotgun to an entitylinked item ammo_rockets to an entitylinked item item_quad to an entitylinked item item_health to an entitylinked item item_health to an entitylinked item item_health to an entitylinked item item_health to an entitylinked item ammo_lightning to an entitylinked item item_health to an entitylinked item item_armor_shard to an entitylinked item item_armor_shard to an entitylinked item ammo_shells to an entitylinked item item_health to an entitylinked item weapon_shotgun to an entitylinked item item_health to an entitylinked item item_health_large to an entitylinked item item_health_large to an entity